Determining if the pthread_create exist failed with the following output:
Change Dir: /workspace/CUDA_practice/matrix_multi/build/CMakeFiles/CMakeTmp

Run Build Command:"/usr/bin/make" "cmTC_3849f/fast"
/usr/bin/make -f CMakeFiles/cmTC_3849f.dir/build.make CMakeFiles/cmTC_3849f.dir/build
make[1]: Entering directory '/workspace/CUDA_practice/matrix_multi/build/CMakeFiles/CMakeTmp'
Building C object CMakeFiles/cmTC_3849f.dir/CheckSymbolExists.c.o
/usr/bin/cc   -fPIC    -o CMakeFiles/cmTC_3849f.dir/CheckSymbolExists.c.o   -c /workspace/CUDA_practice/matrix_multi/build/CMakeFiles/CMakeTmp/CheckSymbolExists.c
Linking C executable cmTC_3849f
/usr/local/bin/cmake -E cmake_link_script CMakeFiles/cmTC_3849f.dir/link.txt --verbose=1
/usr/bin/cc -fPIC     CMakeFiles/cmTC_3849f.dir/CheckSymbolExists.c.o  -o cmTC_3849f 
CMakeFiles/cmTC_3849f.dir/CheckSymbolExists.c.o: In function `main':
CheckSymbolExists.c:(.text+0x1b): undefined reference to `pthread_create'
collect2: error: ld returned 1 exit status
CMakeFiles/cmTC_3849f.dir/build.make:97: recipe for target 'cmTC_3849f' failed
make[1]: *** [cmTC_3849f] Error 1
make[1]: Leaving directory '/workspace/CUDA_practice/matrix_multi/build/CMakeFiles/CMakeTmp'
Makefile:126: recipe for target 'cmTC_3849f/fast' failed
make: *** [cmTC_3849f/fast] Error 2

File /workspace/CUDA_practice/matrix_multi/build/CMakeFiles/CMakeTmp/CheckSymbolExists.c:
/* */
#include <pthread.h>

int main(int argc, char** argv)
{
  (void)argv;
#ifndef pthread_create
  return ((int*)(&pthread_create))[argc];
#else
  (void)argc;
  return 0;
#endif
}

Determining if the function pthread_create exists in the pthreads failed with the following output:
Change Dir: /workspace/CUDA_practice/matrix_multi/build/CMakeFiles/CMakeTmp

Run Build Command:"/usr/bin/make" "cmTC_0e014/fast"
/usr/bin/make -f CMakeFiles/cmTC_0e014.dir/build.make CMakeFiles/cmTC_0e014.dir/build
make[1]: Entering directory '/workspace/CUDA_practice/matrix_multi/build/CMakeFiles/CMakeTmp'
Building C object CMakeFiles/cmTC_0e014.dir/CheckFunctionExists.c.o
/usr/bin/cc   -fPIC -DCHECK_FUNCTION_EXISTS=pthread_create   -o CMakeFiles/cmTC_0e014.dir/CheckFunctionExists.c.o   -c /usr/local/share/cmake-3.9/Modules/CheckFunctionExists.c
Linking C executable cmTC_0e014
/usr/local/bin/cmake -E cmake_link_script CMakeFiles/cmTC_0e014.dir/link.txt --verbose=1
/usr/bin/cc -fPIC -DCHECK_FUNCTION_EXISTS=pthread_create    CMakeFiles/cmTC_0e014.dir/CheckFunctionExists.c.o  -o cmTC_0e014 -lpthreads 
/usr/bin/ld: cannot find -lpthreads
collect2: error: ld returned 1 exit status
CMakeFiles/cmTC_0e014.dir/build.make:97: recipe for target 'cmTC_0e014' failed
make[1]: *** [cmTC_0e014] Error 1
make[1]: Leaving directory '/workspace/CUDA_practice/matrix_multi/build/CMakeFiles/CMakeTmp'
Makefile:126: recipe for target 'cmTC_0e014/fast' failed
make: *** [cmTC_0e014/fast] Error 2


